0 info it worked if it ends with ok
1 verbose cli [ 'C:\\Program Files\\nodejs\\node.exe',
1 verbose cli   'C:\\Program Files\\nodejs\\node_modules\\npm\\bin\\npm-cli.js',
1 verbose cli   'run',
1 verbose cli   'compile' ]
2 info using npm@4.1.2
3 info using node@v7.7.1
4 verbose run-script [ 'precompile', 'compile', 'postcompile' ]
5 info lifecycle react-types-children@1.0.0~precompile: react-types-children@1.0.0
6 silly lifecycle react-types-children@1.0.0~precompile: no script for precompile, continuing
7 info lifecycle react-types-children@1.0.0~compile: react-types-children@1.0.0
8 verbose lifecycle react-types-children@1.0.0~compile: unsafe-perm in lifecycle true
9 verbose lifecycle react-types-children@1.0.0~compile: PATH: C:\Program Files\nodejs\node_modules\npm\bin\node-gyp-bin;C:\Users\shiftkey\Documents\GitHub\react-types-children\node_modules\.bin;C:\Users\shiftkey\bin;C:\Program Files\Git\mingw64\bin;C:\Program Files\Git\usr\local\bin;C:\Program Files\Git\usr\bin;C:\Program Files\Git\usr\bin;C:\Program Files\Git\mingw64\bin;C:\Program Files\Git\usr\bin;C:\Users\shiftkey\bin;C:\Program Files (x86)\Parallels\Parallels Tools\Applications;C:\WINDOWS\system32;C:\WINDOWS;C:\WINDOWS\System32\Wbem;C:\WINDOWS\System32\WindowsPowerShell\v1.0;C:\WINDOWS\system32\config\systemprofile\.dnx\bin;C:\Program Files\Microsoft DNX\Dnvm;C:\Program Files (x86)\Windows Kits\8.1\Windows Performance Toolkit;C:\Program Files\Microsoft SQL Server\120\Tools\Binn;C:\ProgramData\chocolatey\bin;C:\Program Files\nodejs;C:\Program Files\Git\cmd;C:\Users\shiftkey\.dnx\bin;C:\tools\python2;C:\Users\shiftkey\AppData\Local\Microsoft\WindowsApps;C:\Program Files (x86)\Microsoft VS Code\bin;C:\Users\shiftkey\AppData\Roaming\npm;%USERPROFILE%\AppData\Local\Microsoft\WindowsApps;C:\Program Files\Git\usr\bin\vendor_perl;C:\Program Files\Git\usr\bin\core_perl
10 verbose lifecycle react-types-children@1.0.0~compile: CWD: C:\Users\shiftkey\Documents\GitHub\react-types-children
11 silly lifecycle react-types-children@1.0.0~compile: Args: [ '/d /s /c', 'tsc' ]
12 silly lifecycle react-types-children@1.0.0~compile: Returned: code: 2  signal: null
13 info lifecycle react-types-children@1.0.0~compile: Failed to exec compile script
14 verbose stack Error: react-types-children@1.0.0 compile: `tsc`
14 verbose stack Exit status 2
14 verbose stack     at EventEmitter.<anonymous> (C:\Program Files\nodejs\node_modules\npm\lib\utils\lifecycle.js:279:16)
14 verbose stack     at emitTwo (events.js:106:13)
14 verbose stack     at EventEmitter.emit (events.js:194:7)
14 verbose stack     at ChildProcess.<anonymous> (C:\Program Files\nodejs\node_modules\npm\lib\utils\spawn.js:40:14)
14 verbose stack     at emitTwo (events.js:106:13)
14 verbose stack     at ChildProcess.emit (events.js:194:7)
14 verbose stack     at maybeClose (internal/child_process.js:899:16)
14 verbose stack     at Process.ChildProcess._handle.onexit (internal/child_process.js:226:5)
15 verbose pkgid react-types-children@1.0.0
16 verbose cwd C:\Users\shiftkey\Documents\GitHub\react-types-children
17 error Windows_NT 10.0.15063
18 error argv "C:\\Program Files\\nodejs\\node.exe" "C:\\Program Files\\nodejs\\node_modules\\npm\\bin\\npm-cli.js" "run" "compile"
19 error node v7.7.1
20 error npm  v4.1.2
21 error code ELIFECYCLE
22 error react-types-children@1.0.0 compile: `tsc`
22 error Exit status 2
23 error Failed at the react-types-children@1.0.0 compile script 'tsc'.
23 error Make sure you have the latest version of node.js and npm installed.
23 error If you do, this is most likely a problem with the react-types-children package,
23 error not with npm itself.
23 error Tell the author that this fails on your system:
23 error     tsc
23 error You can get information on how to open an issue for this project with:
23 error     npm bugs react-types-children
23 error Or if that isn't available, you can get their info via:
23 error     npm owner ls react-types-children
23 error There is likely additional logging output above.
24 verbose exit [ 1, true ]
